{
  "stats": {
    "suites": 1,
    "tests": 5,
    "passes": 5,
    "pending": 0,
    "failures": 0,
    "start": "2020-09-27T16:29:41.208Z",
    "end": "2020-09-27T16:30:04.532Z",
    "duration": 23324,
    "testsRegistered": 5,
    "passPercent": 100,
    "pendingPercent": 0,
    "other": 0,
    "hasOther": false,
    "skipped": 0,
    "hasSkipped": false
  },
  "results": [
    {
      "uuid": "552f7ad2-68b2-48c1-a35d-c8fdc7cf6f9d",
      "title": "",
      "fullFile": "cypress\\integration\\pages\\loginpage.ts",
      "file": "cypress\\integration\\pages\\loginpage.ts",
      "beforeHooks": [],
      "afterHooks": [],
      "tests": [],
      "suites": [
        {
          "uuid": "1b984f2e-641a-4a61-b38d-0c55a9aba881",
          "title": "The Home Page_mobileview",
          "fullFile": "",
          "file": "",
          "beforeHooks": [],
          "afterHooks": [],
          "tests": [
            {
              "title": "home page successfully loaded",
              "fullTitle": "The Home Page_mobileview home page successfully loaded",
              "timedOut": null,
              "duration": 1287,
              "state": "passed",
              "speed": "slow",
              "pass": true,
              "fail": false,
              "pending": false,
              "context": null,
              "code": "",
              "err": {},
              "uuid": "5902529a-c370-4b20-8548-b7a2846e9655",
              "parentUUID": "1b984f2e-641a-4a61-b38d-0c55a9aba881",
              "isHook": false,
              "skipped": false
            },
            {
              "title": "user successfully logged in",
              "fullTitle": "The Home Page_mobileview user successfully logged in",
              "timedOut": null,
              "duration": 5982,
              "state": "passed",
              "speed": "slow",
              "pass": true,
              "fail": false,
              "pending": false,
              "context": null,
              "code": "log.click_login_desktop();\nlog.login_with_credentials();",
              "err": {},
              "uuid": "fa5d72c6-237c-46b7-b8f9-a562d12aff96",
              "parentUUID": "1b984f2e-641a-4a61-b38d-0c55a9aba881",
              "isHook": false,
              "skipped": false
            },
            {
              "title": "user unsuccessfull login attempt1 with incorrect_username_and_incorrect_password",
              "fullTitle": "The Home Page_mobileview user unsuccessfull login attempt1 with incorrect_username_and_incorrect_password",
              "timedOut": null,
              "duration": 6274,
              "state": "passed",
              "speed": "slow",
              "pass": true,
              "fail": false,
              "pending": false,
              "context": null,
              "code": "log.click_login_desktop();\nlog.login_with_incoreect_credentials();\ncy.get('.kc-feedback-text').contains('Invalid username or password.').should('be.visible');",
              "err": {},
              "uuid": "b0bb1ca0-c811-4fcc-a2ec-eea6ffd8bd9f",
              "parentUUID": "1b984f2e-641a-4a61-b38d-0c55a9aba881",
              "isHook": false,
              "skipped": false
            },
            {
              "title": "user unsuccessfull login attempt2 with correct_username_and_incorrect_password",
              "fullTitle": "The Home Page_mobileview user unsuccessfull login attempt2 with correct_username_and_incorrect_password",
              "timedOut": null,
              "duration": 3104,
              "state": "passed",
              "speed": "slow",
              "pass": true,
              "fail": false,
              "pending": false,
              "context": null,
              "code": "log.click_login_desktop();\nlog.login_with_incoreect_password_credentials();\ncy.get('.kc-feedback-text').contains('Invalid username or password.').should('be.visible');",
              "err": {},
              "uuid": "399f9fe7-f656-4e1f-832a-5ba040d0ca9b",
              "parentUUID": "1b984f2e-641a-4a61-b38d-0c55a9aba881",
              "isHook": false,
              "skipped": false
            },
            {
              "title": "user unsuccessfull login attempt3 with incorrect_username_and_correct_password",
              "fullTitle": "The Home Page_mobileview user unsuccessfull login attempt3 with incorrect_username_and_correct_password",
              "timedOut": null,
              "duration": 3809,
              "state": "passed",
              "speed": "slow",
              "pass": true,
              "fail": false,
              "pending": false,
              "context": null,
              "code": "log.click_login_desktop();\nlog.login_with_incoreect_username_credentials();\ncy.get('.kc-feedback-text').contains('Invalid username or password.').should('be.visible');",
              "err": {},
              "uuid": "ec54f1c8-e110-40d4-8af9-bdaf634b000c",
              "parentUUID": "1b984f2e-641a-4a61-b38d-0c55a9aba881",
              "isHook": false,
              "skipped": false
            }
          ],
          "suites": [],
          "passes": [
            "5902529a-c370-4b20-8548-b7a2846e9655",
            "fa5d72c6-237c-46b7-b8f9-a562d12aff96",
            "b0bb1ca0-c811-4fcc-a2ec-eea6ffd8bd9f",
            "399f9fe7-f656-4e1f-832a-5ba040d0ca9b",
            "ec54f1c8-e110-40d4-8af9-bdaf634b000c"
          ],
          "failures": [],
          "pending": [],
          "skipped": [],
          "duration": 20456,
          "root": false,
          "rootEmpty": false,
          "_timeout": 2000
        }
      ],
      "passes": [],
      "failures": [],
      "pending": [],
      "skipped": [],
      "duration": 0,
      "root": true,
      "rootEmpty": true,
      "_timeout": 2000
    }
  ],
  "meta": {
    "mocha": {
      "version": "7.0.1"
    },
    "mochawesome": {
      "options": {
        "quiet": false,
        "reportFilename": "mochawesome",
        "saveHtml": false,
        "saveJson": true,
        "consoleReporter": "spec",
        "useInlineDiffs": false,
        "code": true
      },
      "version": "6.1.1"
    },
    "marge": {
      "options": {
        "reportDir": "cypress/results/json",
        "overwrite": false,
        "html": false,
        "json": true
      },
      "version": "5.1.0"
    }
  }
}