{
  "stats": {
    "suites": 1,
    "tests": 42,
    "passes": 42,
    "pending": 0,
    "failures": 0,
    "start": "2020-09-27T16:25:01.746Z",
    "end": "2020-09-27T16:28:10.814Z",
    "duration": 189068,
    "testsRegistered": 42,
    "passPercent": 100,
    "pendingPercent": 0,
    "other": 0,
    "hasOther": false,
    "skipped": 0,
    "hasSkipped": false
  },
  "results": [
    {
      "uuid": "a064963f-d7b3-4dac-a855-fa3924d3045a",
      "title": "",
      "fullFile": "cypress\\integration\\pages\\home\\Homepage_Mobile.ts",
      "file": "cypress\\integration\\pages\\home\\Homepage_Mobile.ts",
      "beforeHooks": [],
      "afterHooks": [],
      "tests": [],
      "suites": [
        {
          "uuid": "0d904600-7108-4238-ba76-05f5bd0499ac",
          "title": "The Home Page_mobileview",
          "fullFile": "",
          "file": "",
          "beforeHooks": [],
          "afterHooks": [],
          "tests": [
            {
              "title": "on Device ipad-2 home page successfully loaded",
              "fullTitle": "The Home Page_mobileview on Device ipad-2 home page successfully loaded",
              "timedOut": null,
              "duration": 4893,
              "state": "passed",
              "speed": "slow",
              "pass": true,
              "fail": false,
              "pending": false,
              "context": null,
              "code": "if (Cypress._.isArray(preset_n)) {\n    cy.viewport(preset_n[0], preset_n[1]);\n    preset_name;\n}\nelse {\n    cy.viewport(preset_n);\n}\ntool.vist_baseurl();",
              "err": {},
              "uuid": "74632c88-9c15-498d-a114-089ef4638587",
              "parentUUID": "0d904600-7108-4238-ba76-05f5bd0499ac",
              "isHook": false,
              "skipped": false
            },
            {
              "title": "on Device ipad-2 homepage vantashala icon is clickable ",
              "fullTitle": "The Home Page_mobileview on Device ipad-2 homepage vantashala icon is clickable ",
              "timedOut": null,
              "duration": 1857,
              "state": "passed",
              "speed": "slow",
              "pass": true,
              "fail": false,
              "pending": false,
              "context": null,
              "code": "if (Cypress._.isArray(preset_n)) {\n    cy.viewport(preset_n[0], preset_n[1]);\n    //cy.get('.v-overlay__scrim').click();  //enable ater testing nav draw outside click works\n    //tool.vist_baseurl();    //delete after testing nav draw outside click works\n    tool.click_vantashala_icon();\n}\nelse {\n    cy.viewport(preset_n);\n    //cy.get('.v-overlay__scrim').click();  //enable ater testing nav draw outside click works\n    //tool.vist_baseurl();    //delete after testing nav draw outside click works\n    tool.click_vantashala_icon();\n}",
              "err": {},
              "uuid": "e6abbfd4-5253-4e99-904c-9c6f08b0956c",
              "parentUUID": "0d904600-7108-4238-ba76-05f5bd0499ac",
              "isHook": false,
              "skipped": false
            },
            {
              "title": "on Device ipad-2 all countries are clickable",
              "fullTitle": "The Home Page_mobileview on Device ipad-2 all countries are clickable",
              "timedOut": null,
              "duration": 6733,
              "state": "passed",
              "speed": "slow",
              "pass": true,
              "fail": false,
              "pending": false,
              "context": null,
              "code": "if (Cypress._.isArray(preset_n)) {\n    cy.viewport(preset_n[0], preset_n[1]);\n    tool.vist_baseurl();\n    cy.get('.hidden-md-and-up > .v-btn__content > .v-icon').should('be.visible').click();\n    cy.get('.v-navigation-drawer__content').should('not.be.hidden');\n    cy.log(\"navigation drawer is clickable\");\n    tool.check_all_countries_clickable_mobile();\n}\nelse {\n    cy.viewport(preset_n);\n    tool.vist_baseurl();\n    cy.get('.hidden-md-and-up > .v-btn__content > .v-icon').should('be.visible').click();\n    cy.get('.v-navigation-drawer__content').should('not.be.hidden');\n    cy.log(\"navigation drawer is clickable\");\n    tool.check_all_countries_clickable_mobile();\n}",
              "err": {},
              "uuid": "c9670455-70ec-43c4-bdec-fae634cf26c3",
              "parentUUID": "0d904600-7108-4238-ba76-05f5bd0499ac",
              "isHook": false,
              "skipped": false
            },
            {
              "title": "on Device ipad-2 MYORDERS is clickable",
              "fullTitle": "The Home Page_mobileview on Device ipad-2 MYORDERS is clickable",
              "timedOut": null,
              "duration": 3784,
              "state": "passed",
              "speed": "slow",
              "pass": true,
              "fail": false,
              "pending": false,
              "context": null,
              "code": "if (Cypress._.isArray(preset_n)) {\n    cy.viewport(preset_n[0], preset_n[1]);\n    tool.vist_baseurl();\n    cy.get('.hidden-md-and-up > .v-btn__content > .v-icon').should('be.visible').click();\n    cy.get('.v-navigation-drawer__content').should('not.be.hidden');\n    cy.log(\"navigation drawer is clickable\");\n    tool.check_MYORDERS_clickable_mobile();\n}\nelse {\n    cy.viewport(preset_n);\n    tool.vist_baseurl();\n    cy.get('.hidden-md-and-up > .v-btn__content > .v-icon').should('be.visible').click();\n    cy.get('.v-navigation-drawer__content').should('not.be.hidden');\n    cy.log(\"navigation drawer is clickable\");\n    tool.check_MYORDERS_clickable_mobile();\n}",
              "err": {},
              "uuid": "b59af122-9b01-4407-a0db-ca3b1e1c6653",
              "parentUUID": "0d904600-7108-4238-ba76-05f5bd0499ac",
              "isHook": false,
              "skipped": false
            },
            {
              "title": "on Device ipad-2 MYCHEFS is clickable",
              "fullTitle": "The Home Page_mobileview on Device ipad-2 MYCHEFS is clickable",
              "timedOut": null,
              "duration": 4058,
              "state": "passed",
              "speed": "slow",
              "pass": true,
              "fail": false,
              "pending": false,
              "context": null,
              "code": "if (Cypress._.isArray(preset_n)) {\n    cy.viewport(preset_n[0], preset_n[1]);\n    tool.vist_baseurl();\n    cy.get('.hidden-md-and-up > .v-btn__content > .v-icon').should('be.visible').click();\n    cy.get('.v-navigation-drawer__content').should('not.be.hidden');\n    cy.log(\"navigation drawer is clickable\");\n    tool.check_MYCHEFS_clickable_mobile();\n}\nelse {\n    cy.viewport(preset_n);\n    tool.vist_baseurl();\n    cy.get('.hidden-md-and-up > .v-btn__content > .v-icon').should('be.visible').click();\n    cy.get('.v-navigation-drawer__content').should('not.be.hidden');\n    cy.log(\"navigation drawer is clickable\");\n    tool.check_MYCHEFS_clickable_mobile();\n}",
              "err": {},
              "uuid": "50b4c064-b7a0-46e4-9dee-0b4f47b5126a",
              "parentUUID": "0d904600-7108-4238-ba76-05f5bd0499ac",
              "isHook": false,
              "skipped": false
            },
            {
              "title": "on Device ipad-2 MYCART is clickable",
              "fullTitle": "The Home Page_mobileview on Device ipad-2 MYCART is clickable",
              "timedOut": null,
              "duration": 3893,
              "state": "passed",
              "speed": "slow",
              "pass": true,
              "fail": false,
              "pending": false,
              "context": null,
              "code": "if (Cypress._.isArray(preset_n)) {\n    cy.viewport(preset_n[0], preset_n[1]);\n    tool.vist_baseurl();\n    cy.get('.hidden-md-and-up > .v-btn__content > .v-icon').should('be.visible').click();\n    cy.get('.v-navigation-drawer__content').should('not.be.hidden');\n    cy.log(\"navigation drawer is clickable\");\n    tool.check_MYCART_clickable_mobile();\n}\nelse {\n    cy.viewport(preset_n);\n    tool.vist_baseurl();\n    cy.get('.hidden-md-and-up > .v-btn__content > .v-icon').should('be.visible').click();\n    cy.get('.v-navigation-drawer__content').should('not.be.hidden');\n    cy.log(\"navigation drawer is clickable\");\n    tool.check_MYCART_clickable_mobile();\n}",
              "err": {},
              "uuid": "423468c9-ecbb-4499-913a-33a01b05d12c",
              "parentUUID": "0d904600-7108-4238-ba76-05f5bd0499ac",
              "isHook": false,
              "skipped": false
            },
            {
              "title": "on Device iphone-6+ home page successfully loaded",
              "fullTitle": "The Home Page_mobileview on Device iphone-6+ home page successfully loaded",
              "timedOut": null,
              "duration": 3267,
              "state": "passed",
              "speed": "slow",
              "pass": true,
              "fail": false,
              "pending": false,
              "context": null,
              "code": "if (Cypress._.isArray(preset_n)) {\n    cy.viewport(preset_n[0], preset_n[1]);\n    preset_name;\n}\nelse {\n    cy.viewport(preset_n);\n}\ntool.vist_baseurl();",
              "err": {},
              "uuid": "caa4c7e0-64ec-4649-8384-6a08b8d8c887",
              "parentUUID": "0d904600-7108-4238-ba76-05f5bd0499ac",
              "isHook": false,
              "skipped": false
            },
            {
              "title": "on Device iphone-6+ homepage vantashala icon is clickable ",
              "fullTitle": "The Home Page_mobileview on Device iphone-6+ homepage vantashala icon is clickable ",
              "timedOut": null,
              "duration": 4007,
              "state": "passed",
              "speed": "slow",
              "pass": true,
              "fail": false,
              "pending": false,
              "context": null,
              "code": "if (Cypress._.isArray(preset_n)) {\n    cy.viewport(preset_n[0], preset_n[1]);\n    //cy.get('.v-overlay__scrim').click();  //enable ater testing nav draw outside click works\n    //tool.vist_baseurl();    //delete after testing nav draw outside click works\n    tool.click_vantashala_icon();\n}\nelse {\n    cy.viewport(preset_n);\n    //cy.get('.v-overlay__scrim').click();  //enable ater testing nav draw outside click works\n    //tool.vist_baseurl();    //delete after testing nav draw outside click works\n    tool.click_vantashala_icon();\n}",
              "err": {},
              "uuid": "bafa7021-c186-4747-ae96-8d6a9734a1ee",
              "parentUUID": "0d904600-7108-4238-ba76-05f5bd0499ac",
              "isHook": false,
              "skipped": false
            },
            {
              "title": "on Device iphone-6+ all countries are clickable",
              "fullTitle": "The Home Page_mobileview on Device iphone-6+ all countries are clickable",
              "timedOut": null,
              "duration": 7576,
              "state": "passed",
              "speed": "slow",
              "pass": true,
              "fail": false,
              "pending": false,
              "context": null,
              "code": "if (Cypress._.isArray(preset_n)) {\n    cy.viewport(preset_n[0], preset_n[1]);\n    tool.vist_baseurl();\n    cy.get('.hidden-md-and-up > .v-btn__content > .v-icon').should('be.visible').click();\n    cy.get('.v-navigation-drawer__content').should('not.be.hidden');\n    cy.log(\"navigation drawer is clickable\");\n    tool.check_all_countries_clickable_mobile();\n}\nelse {\n    cy.viewport(preset_n);\n    tool.vist_baseurl();\n    cy.get('.hidden-md-and-up > .v-btn__content > .v-icon').should('be.visible').click();\n    cy.get('.v-navigation-drawer__content').should('not.be.hidden');\n    cy.log(\"navigation drawer is clickable\");\n    tool.check_all_countries_clickable_mobile();\n}",
              "err": {},
              "uuid": "a598e819-748a-46c9-80c9-ccf873209281",
              "parentUUID": "0d904600-7108-4238-ba76-05f5bd0499ac",
              "isHook": false,
              "skipped": false
            },
            {
              "title": "on Device iphone-6+ MYORDERS is clickable",
              "fullTitle": "The Home Page_mobileview on Device iphone-6+ MYORDERS is clickable",
              "timedOut": null,
              "duration": 4389,
              "state": "passed",
              "speed": "slow",
              "pass": true,
              "fail": false,
              "pending": false,
              "context": null,
              "code": "if (Cypress._.isArray(preset_n)) {\n    cy.viewport(preset_n[0], preset_n[1]);\n    tool.vist_baseurl();\n    cy.get('.hidden-md-and-up > .v-btn__content > .v-icon').should('be.visible').click();\n    cy.get('.v-navigation-drawer__content').should('not.be.hidden');\n    cy.log(\"navigation drawer is clickable\");\n    tool.check_MYORDERS_clickable_mobile();\n}\nelse {\n    cy.viewport(preset_n);\n    tool.vist_baseurl();\n    cy.get('.hidden-md-and-up > .v-btn__content > .v-icon').should('be.visible').click();\n    cy.get('.v-navigation-drawer__content').should('not.be.hidden');\n    cy.log(\"navigation drawer is clickable\");\n    tool.check_MYORDERS_clickable_mobile();\n}",
              "err": {},
              "uuid": "3ad0acaa-5a39-4677-9bf7-4f889d57fc8f",
              "parentUUID": "0d904600-7108-4238-ba76-05f5bd0499ac",
              "isHook": false,
              "skipped": false
            },
            {
              "title": "on Device iphone-6+ MYCHEFS is clickable",
              "fullTitle": "The Home Page_mobileview on Device iphone-6+ MYCHEFS is clickable",
              "timedOut": null,
              "duration": 4214,
              "state": "passed",
              "speed": "slow",
              "pass": true,
              "fail": false,
              "pending": false,
              "context": null,
              "code": "if (Cypress._.isArray(preset_n)) {\n    cy.viewport(preset_n[0], preset_n[1]);\n    tool.vist_baseurl();\n    cy.get('.hidden-md-and-up > .v-btn__content > .v-icon').should('be.visible').click();\n    cy.get('.v-navigation-drawer__content').should('not.be.hidden');\n    cy.log(\"navigation drawer is clickable\");\n    tool.check_MYCHEFS_clickable_mobile();\n}\nelse {\n    cy.viewport(preset_n);\n    tool.vist_baseurl();\n    cy.get('.hidden-md-and-up > .v-btn__content > .v-icon').should('be.visible').click();\n    cy.get('.v-navigation-drawer__content').should('not.be.hidden');\n    cy.log(\"navigation drawer is clickable\");\n    tool.check_MYCHEFS_clickable_mobile();\n}",
              "err": {},
              "uuid": "5267b884-be65-4966-bcb9-434d21f99a44",
              "parentUUID": "0d904600-7108-4238-ba76-05f5bd0499ac",
              "isHook": false,
              "skipped": false
            },
            {
              "title": "on Device iphone-6+ MYCART is clickable",
              "fullTitle": "The Home Page_mobileview on Device iphone-6+ MYCART is clickable",
              "timedOut": null,
              "duration": 3545,
              "state": "passed",
              "speed": "slow",
              "pass": true,
              "fail": false,
              "pending": false,
              "context": null,
              "code": "if (Cypress._.isArray(preset_n)) {\n    cy.viewport(preset_n[0], preset_n[1]);\n    tool.vist_baseurl();\n    cy.get('.hidden-md-and-up > .v-btn__content > .v-icon').should('be.visible').click();\n    cy.get('.v-navigation-drawer__content').should('not.be.hidden');\n    cy.log(\"navigation drawer is clickable\");\n    tool.check_MYCART_clickable_mobile();\n}\nelse {\n    cy.viewport(preset_n);\n    tool.vist_baseurl();\n    cy.get('.hidden-md-and-up > .v-btn__content > .v-icon').should('be.visible').click();\n    cy.get('.v-navigation-drawer__content').should('not.be.hidden');\n    cy.log(\"navigation drawer is clickable\");\n    tool.check_MYCART_clickable_mobile();\n}",
              "err": {},
              "uuid": "993485fe-2ca0-45a0-9b11-899e8a349b87",
              "parentUUID": "0d904600-7108-4238-ba76-05f5bd0499ac",
              "isHook": false,
              "skipped": false
            },
            {
              "title": "on Device samsung-note9 home page successfully loaded",
              "fullTitle": "The Home Page_mobileview on Device samsung-note9 home page successfully loaded",
              "timedOut": null,
              "duration": 3866,
              "state": "passed",
              "speed": "slow",
              "pass": true,
              "fail": false,
              "pending": false,
              "context": null,
              "code": "if (Cypress._.isArray(preset_n)) {\n    cy.viewport(preset_n[0], preset_n[1]);\n    preset_name;\n}\nelse {\n    cy.viewport(preset_n);\n}\ntool.vist_baseurl();",
              "err": {},
              "uuid": "4d7ffd66-fe4c-4e16-8543-dc8a95800a41",
              "parentUUID": "0d904600-7108-4238-ba76-05f5bd0499ac",
              "isHook": false,
              "skipped": false
            },
            {
              "title": "on Device samsung-note9 homepage vantashala icon is clickable ",
              "fullTitle": "The Home Page_mobileview on Device samsung-note9 homepage vantashala icon is clickable ",
              "timedOut": null,
              "duration": 1366,
              "state": "passed",
              "speed": "slow",
              "pass": true,
              "fail": false,
              "pending": false,
              "context": null,
              "code": "if (Cypress._.isArray(preset_n)) {\n    cy.viewport(preset_n[0], preset_n[1]);\n    //cy.get('.v-overlay__scrim').click();  //enable ater testing nav draw outside click works\n    //tool.vist_baseurl();    //delete after testing nav draw outside click works\n    tool.click_vantashala_icon();\n}\nelse {\n    cy.viewport(preset_n);\n    //cy.get('.v-overlay__scrim').click();  //enable ater testing nav draw outside click works\n    //tool.vist_baseurl();    //delete after testing nav draw outside click works\n    tool.click_vantashala_icon();\n}",
              "err": {},
              "uuid": "659eb505-1cd8-42d2-b9d4-15dcb50acd77",
              "parentUUID": "0d904600-7108-4238-ba76-05f5bd0499ac",
              "isHook": false,
              "skipped": false
            },
            {
              "title": "on Device samsung-note9 all countries are clickable",
              "fullTitle": "The Home Page_mobileview on Device samsung-note9 all countries are clickable",
              "timedOut": null,
              "duration": 6569,
              "state": "passed",
              "speed": "slow",
              "pass": true,
              "fail": false,
              "pending": false,
              "context": null,
              "code": "if (Cypress._.isArray(preset_n)) {\n    cy.viewport(preset_n[0], preset_n[1]);\n    tool.vist_baseurl();\n    cy.get('.hidden-md-and-up > .v-btn__content > .v-icon').should('be.visible').click();\n    cy.get('.v-navigation-drawer__content').should('not.be.hidden');\n    cy.log(\"navigation drawer is clickable\");\n    tool.check_all_countries_clickable_mobile();\n}\nelse {\n    cy.viewport(preset_n);\n    tool.vist_baseurl();\n    cy.get('.hidden-md-and-up > .v-btn__content > .v-icon').should('be.visible').click();\n    cy.get('.v-navigation-drawer__content').should('not.be.hidden');\n    cy.log(\"navigation drawer is clickable\");\n    tool.check_all_countries_clickable_mobile();\n}",
              "err": {},
              "uuid": "43c32895-133e-405a-83dc-8d64c3989c3f",
              "parentUUID": "0d904600-7108-4238-ba76-05f5bd0499ac",
              "isHook": false,
              "skipped": false
            },
            {
              "title": "on Device samsung-note9 MYORDERS is clickable",
              "fullTitle": "The Home Page_mobileview on Device samsung-note9 MYORDERS is clickable",
              "timedOut": null,
              "duration": 6253,
              "state": "passed",
              "speed": "slow",
              "pass": true,
              "fail": false,
              "pending": false,
              "context": null,
              "code": "if (Cypress._.isArray(preset_n)) {\n    cy.viewport(preset_n[0], preset_n[1]);\n    tool.vist_baseurl();\n    cy.get('.hidden-md-and-up > .v-btn__content > .v-icon').should('be.visible').click();\n    cy.get('.v-navigation-drawer__content').should('not.be.hidden');\n    cy.log(\"navigation drawer is clickable\");\n    tool.check_MYORDERS_clickable_mobile();\n}\nelse {\n    cy.viewport(preset_n);\n    tool.vist_baseurl();\n    cy.get('.hidden-md-and-up > .v-btn__content > .v-icon').should('be.visible').click();\n    cy.get('.v-navigation-drawer__content').should('not.be.hidden');\n    cy.log(\"navigation drawer is clickable\");\n    tool.check_MYORDERS_clickable_mobile();\n}",
              "err": {},
              "uuid": "3751956e-ec14-4078-9877-936e2355faf4",
              "parentUUID": "0d904600-7108-4238-ba76-05f5bd0499ac",
              "isHook": false,
              "skipped": false
            },
            {
              "title": "on Device samsung-note9 MYCHEFS is clickable",
              "fullTitle": "The Home Page_mobileview on Device samsung-note9 MYCHEFS is clickable",
              "timedOut": null,
              "duration": 4149,
              "state": "passed",
              "speed": "slow",
              "pass": true,
              "fail": false,
              "pending": false,
              "context": null,
              "code": "if (Cypress._.isArray(preset_n)) {\n    cy.viewport(preset_n[0], preset_n[1]);\n    tool.vist_baseurl();\n    cy.get('.hidden-md-and-up > .v-btn__content > .v-icon').should('be.visible').click();\n    cy.get('.v-navigation-drawer__content').should('not.be.hidden');\n    cy.log(\"navigation drawer is clickable\");\n    tool.check_MYCHEFS_clickable_mobile();\n}\nelse {\n    cy.viewport(preset_n);\n    tool.vist_baseurl();\n    cy.get('.hidden-md-and-up > .v-btn__content > .v-icon').should('be.visible').click();\n    cy.get('.v-navigation-drawer__content').should('not.be.hidden');\n    cy.log(\"navigation drawer is clickable\");\n    tool.check_MYCHEFS_clickable_mobile();\n}",
              "err": {},
              "uuid": "a56e339f-4c2c-499d-8939-ce1bef1aa730",
              "parentUUID": "0d904600-7108-4238-ba76-05f5bd0499ac",
              "isHook": false,
              "skipped": false
            },
            {
              "title": "on Device samsung-note9 MYCART is clickable",
              "fullTitle": "The Home Page_mobileview on Device samsung-note9 MYCART is clickable",
              "timedOut": null,
              "duration": 4595,
              "state": "passed",
              "speed": "slow",
              "pass": true,
              "fail": false,
              "pending": false,
              "context": null,
              "code": "if (Cypress._.isArray(preset_n)) {\n    cy.viewport(preset_n[0], preset_n[1]);\n    tool.vist_baseurl();\n    cy.get('.hidden-md-and-up > .v-btn__content > .v-icon').should('be.visible').click();\n    cy.get('.v-navigation-drawer__content').should('not.be.hidden');\n    cy.log(\"navigation drawer is clickable\");\n    tool.check_MYCART_clickable_mobile();\n}\nelse {\n    cy.viewport(preset_n);\n    tool.vist_baseurl();\n    cy.get('.hidden-md-and-up > .v-btn__content > .v-icon').should('be.visible').click();\n    cy.get('.v-navigation-drawer__content').should('not.be.hidden');\n    cy.log(\"navigation drawer is clickable\");\n    tool.check_MYCART_clickable_mobile();\n}",
              "err": {},
              "uuid": "6199241e-5de8-446b-b477-070c8ba8a5b3",
              "parentUUID": "0d904600-7108-4238-ba76-05f5bd0499ac",
              "isHook": false,
              "skipped": false
            },
            {
              "title": "on Device samsung-s10 home page successfully loaded",
              "fullTitle": "The Home Page_mobileview on Device samsung-s10 home page successfully loaded",
              "timedOut": null,
              "duration": 2685,
              "state": "passed",
              "speed": "slow",
              "pass": true,
              "fail": false,
              "pending": false,
              "context": null,
              "code": "if (Cypress._.isArray(preset_n)) {\n    cy.viewport(preset_n[0], preset_n[1]);\n    preset_name;\n}\nelse {\n    cy.viewport(preset_n);\n}\ntool.vist_baseurl();",
              "err": {},
              "uuid": "ad2ae38c-8701-4aa4-9864-2470998d3c65",
              "parentUUID": "0d904600-7108-4238-ba76-05f5bd0499ac",
              "isHook": false,
              "skipped": false
            },
            {
              "title": "on Device samsung-s10 homepage vantashala icon is clickable ",
              "fullTitle": "The Home Page_mobileview on Device samsung-s10 homepage vantashala icon is clickable ",
              "timedOut": null,
              "duration": 5011,
              "state": "passed",
              "speed": "slow",
              "pass": true,
              "fail": false,
              "pending": false,
              "context": null,
              "code": "if (Cypress._.isArray(preset_n)) {\n    cy.viewport(preset_n[0], preset_n[1]);\n    //cy.get('.v-overlay__scrim').click();  //enable ater testing nav draw outside click works\n    //tool.vist_baseurl();    //delete after testing nav draw outside click works\n    tool.click_vantashala_icon();\n}\nelse {\n    cy.viewport(preset_n);\n    //cy.get('.v-overlay__scrim').click();  //enable ater testing nav draw outside click works\n    //tool.vist_baseurl();    //delete after testing nav draw outside click works\n    tool.click_vantashala_icon();\n}",
              "err": {},
              "uuid": "bccdcc93-f03b-4e48-aaa2-34186b6d207f",
              "parentUUID": "0d904600-7108-4238-ba76-05f5bd0499ac",
              "isHook": false,
              "skipped": false
            },
            {
              "title": "on Device samsung-s10 all countries are clickable",
              "fullTitle": "The Home Page_mobileview on Device samsung-s10 all countries are clickable",
              "timedOut": null,
              "duration": 5581,
              "state": "passed",
              "speed": "slow",
              "pass": true,
              "fail": false,
              "pending": false,
              "context": null,
              "code": "if (Cypress._.isArray(preset_n)) {\n    cy.viewport(preset_n[0], preset_n[1]);\n    tool.vist_baseurl();\n    cy.get('.hidden-md-and-up > .v-btn__content > .v-icon').should('be.visible').click();\n    cy.get('.v-navigation-drawer__content').should('not.be.hidden');\n    cy.log(\"navigation drawer is clickable\");\n    tool.check_all_countries_clickable_mobile();\n}\nelse {\n    cy.viewport(preset_n);\n    tool.vist_baseurl();\n    cy.get('.hidden-md-and-up > .v-btn__content > .v-icon').should('be.visible').click();\n    cy.get('.v-navigation-drawer__content').should('not.be.hidden');\n    cy.log(\"navigation drawer is clickable\");\n    tool.check_all_countries_clickable_mobile();\n}",
              "err": {},
              "uuid": "2112ef1b-839b-4682-9c85-a7b927fc55f4",
              "parentUUID": "0d904600-7108-4238-ba76-05f5bd0499ac",
              "isHook": false,
              "skipped": false
            },
            {
              "title": "on Device samsung-s10 MYORDERS is clickable",
              "fullTitle": "The Home Page_mobileview on Device samsung-s10 MYORDERS is clickable",
              "timedOut": null,
              "duration": 5316,
              "state": "passed",
              "speed": "slow",
              "pass": true,
              "fail": false,
              "pending": false,
              "context": null,
              "code": "if (Cypress._.isArray(preset_n)) {\n    cy.viewport(preset_n[0], preset_n[1]);\n    tool.vist_baseurl();\n    cy.get('.hidden-md-and-up > .v-btn__content > .v-icon').should('be.visible').click();\n    cy.get('.v-navigation-drawer__content').should('not.be.hidden');\n    cy.log(\"navigation drawer is clickable\");\n    tool.check_MYORDERS_clickable_mobile();\n}\nelse {\n    cy.viewport(preset_n);\n    tool.vist_baseurl();\n    cy.get('.hidden-md-and-up > .v-btn__content > .v-icon').should('be.visible').click();\n    cy.get('.v-navigation-drawer__content').should('not.be.hidden');\n    cy.log(\"navigation drawer is clickable\");\n    tool.check_MYORDERS_clickable_mobile();\n}",
              "err": {},
              "uuid": "8ca53d3d-cf28-4404-a86e-2fcf606462f7",
              "parentUUID": "0d904600-7108-4238-ba76-05f5bd0499ac",
              "isHook": false,
              "skipped": false
            },
            {
              "title": "on Device samsung-s10 MYCHEFS is clickable",
              "fullTitle": "The Home Page_mobileview on Device samsung-s10 MYCHEFS is clickable",
              "timedOut": null,
              "duration": 2684,
              "state": "passed",
              "speed": "slow",
              "pass": true,
              "fail": false,
              "pending": false,
              "context": null,
              "code": "if (Cypress._.isArray(preset_n)) {\n    cy.viewport(preset_n[0], preset_n[1]);\n    tool.vist_baseurl();\n    cy.get('.hidden-md-and-up > .v-btn__content > .v-icon').should('be.visible').click();\n    cy.get('.v-navigation-drawer__content').should('not.be.hidden');\n    cy.log(\"navigation drawer is clickable\");\n    tool.check_MYCHEFS_clickable_mobile();\n}\nelse {\n    cy.viewport(preset_n);\n    tool.vist_baseurl();\n    cy.get('.hidden-md-and-up > .v-btn__content > .v-icon').should('be.visible').click();\n    cy.get('.v-navigation-drawer__content').should('not.be.hidden');\n    cy.log(\"navigation drawer is clickable\");\n    tool.check_MYCHEFS_clickable_mobile();\n}",
              "err": {},
              "uuid": "d5711884-69b1-4fae-8557-83226144547b",
              "parentUUID": "0d904600-7108-4238-ba76-05f5bd0499ac",
              "isHook": false,
              "skipped": false
            },
            {
              "title": "on Device samsung-s10 MYCART is clickable",
              "fullTitle": "The Home Page_mobileview on Device samsung-s10 MYCART is clickable",
              "timedOut": null,
              "duration": 3991,
              "state": "passed",
              "speed": "slow",
              "pass": true,
              "fail": false,
              "pending": false,
              "context": null,
              "code": "if (Cypress._.isArray(preset_n)) {\n    cy.viewport(preset_n[0], preset_n[1]);\n    tool.vist_baseurl();\n    cy.get('.hidden-md-and-up > .v-btn__content > .v-icon').should('be.visible').click();\n    cy.get('.v-navigation-drawer__content').should('not.be.hidden');\n    cy.log(\"navigation drawer is clickable\");\n    tool.check_MYCART_clickable_mobile();\n}\nelse {\n    cy.viewport(preset_n);\n    tool.vist_baseurl();\n    cy.get('.hidden-md-and-up > .v-btn__content > .v-icon').should('be.visible').click();\n    cy.get('.v-navigation-drawer__content').should('not.be.hidden');\n    cy.log(\"navigation drawer is clickable\");\n    tool.check_MYCART_clickable_mobile();\n}",
              "err": {},
              "uuid": "83710a12-fbb4-451f-af5f-0b4ba2b6b06e",
              "parentUUID": "0d904600-7108-4238-ba76-05f5bd0499ac",
              "isHook": false,
              "skipped": false
            },
            {
              "title": "on Device 720,1280 home page successfully loaded",
              "fullTitle": "The Home Page_mobileview on Device 720,1280 home page successfully loaded",
              "timedOut": null,
              "duration": 4292,
              "state": "passed",
              "speed": "slow",
              "pass": true,
              "fail": false,
              "pending": false,
              "context": null,
              "code": "if (Cypress._.isArray(preset_n)) {\n    cy.viewport(preset_n[0], preset_n[1]);\n    preset_name;\n}\nelse {\n    cy.viewport(preset_n);\n}\ntool.vist_baseurl();",
              "err": {},
              "uuid": "72bc6431-5371-451a-bca7-1d9336583c5e",
              "parentUUID": "0d904600-7108-4238-ba76-05f5bd0499ac",
              "isHook": false,
              "skipped": false
            },
            {
              "title": "on Device 720,1280 homepage vantashala icon is clickable ",
              "fullTitle": "The Home Page_mobileview on Device 720,1280 homepage vantashala icon is clickable ",
              "timedOut": null,
              "duration": 1386,
              "state": "passed",
              "speed": "slow",
              "pass": true,
              "fail": false,
              "pending": false,
              "context": null,
              "code": "if (Cypress._.isArray(preset_n)) {\n    cy.viewport(preset_n[0], preset_n[1]);\n    //cy.get('.v-overlay__scrim').click();  //enable ater testing nav draw outside click works\n    //tool.vist_baseurl();    //delete after testing nav draw outside click works\n    tool.click_vantashala_icon();\n}\nelse {\n    cy.viewport(preset_n);\n    //cy.get('.v-overlay__scrim').click();  //enable ater testing nav draw outside click works\n    //tool.vist_baseurl();    //delete after testing nav draw outside click works\n    tool.click_vantashala_icon();\n}",
              "err": {},
              "uuid": "dc6c2bfb-bb61-45d0-8ae2-521ffa9c250b",
              "parentUUID": "0d904600-7108-4238-ba76-05f5bd0499ac",
              "isHook": false,
              "skipped": false
            },
            {
              "title": "on Device 720,1280 all countries are clickable",
              "fullTitle": "The Home Page_mobileview on Device 720,1280 all countries are clickable",
              "timedOut": null,
              "duration": 7024,
              "state": "passed",
              "speed": "slow",
              "pass": true,
              "fail": false,
              "pending": false,
              "context": null,
              "code": "if (Cypress._.isArray(preset_n)) {\n    cy.viewport(preset_n[0], preset_n[1]);\n    tool.vist_baseurl();\n    cy.get('.hidden-md-and-up > .v-btn__content > .v-icon').should('be.visible').click();\n    cy.get('.v-navigation-drawer__content').should('not.be.hidden');\n    cy.log(\"navigation drawer is clickable\");\n    tool.check_all_countries_clickable_mobile();\n}\nelse {\n    cy.viewport(preset_n);\n    tool.vist_baseurl();\n    cy.get('.hidden-md-and-up > .v-btn__content > .v-icon').should('be.visible').click();\n    cy.get('.v-navigation-drawer__content').should('not.be.hidden');\n    cy.log(\"navigation drawer is clickable\");\n    tool.check_all_countries_clickable_mobile();\n}",
              "err": {},
              "uuid": "c7683a9a-17ba-495f-93b1-840f3956d739",
              "parentUUID": "0d904600-7108-4238-ba76-05f5bd0499ac",
              "isHook": false,
              "skipped": false
            },
            {
              "title": "on Device 720,1280 MYORDERS is clickable",
              "fullTitle": "The Home Page_mobileview on Device 720,1280 MYORDERS is clickable",
              "timedOut": null,
              "duration": 4637,
              "state": "passed",
              "speed": "slow",
              "pass": true,
              "fail": false,
              "pending": false,
              "context": null,
              "code": "if (Cypress._.isArray(preset_n)) {\n    cy.viewport(preset_n[0], preset_n[1]);\n    tool.vist_baseurl();\n    cy.get('.hidden-md-and-up > .v-btn__content > .v-icon').should('be.visible').click();\n    cy.get('.v-navigation-drawer__content').should('not.be.hidden');\n    cy.log(\"navigation drawer is clickable\");\n    tool.check_MYORDERS_clickable_mobile();\n}\nelse {\n    cy.viewport(preset_n);\n    tool.vist_baseurl();\n    cy.get('.hidden-md-and-up > .v-btn__content > .v-icon').should('be.visible').click();\n    cy.get('.v-navigation-drawer__content').should('not.be.hidden');\n    cy.log(\"navigation drawer is clickable\");\n    tool.check_MYORDERS_clickable_mobile();\n}",
              "err": {},
              "uuid": "f8ca63fe-1a48-4c90-8d27-037eda3f865e",
              "parentUUID": "0d904600-7108-4238-ba76-05f5bd0499ac",
              "isHook": false,
              "skipped": false
            },
            {
              "title": "on Device 720,1280 MYCHEFS is clickable",
              "fullTitle": "The Home Page_mobileview on Device 720,1280 MYCHEFS is clickable",
              "timedOut": null,
              "duration": 3358,
              "state": "passed",
              "speed": "slow",
              "pass": true,
              "fail": false,
              "pending": false,
              "context": null,
              "code": "if (Cypress._.isArray(preset_n)) {\n    cy.viewport(preset_n[0], preset_n[1]);\n    tool.vist_baseurl();\n    cy.get('.hidden-md-and-up > .v-btn__content > .v-icon').should('be.visible').click();\n    cy.get('.v-navigation-drawer__content').should('not.be.hidden');\n    cy.log(\"navigation drawer is clickable\");\n    tool.check_MYCHEFS_clickable_mobile();\n}\nelse {\n    cy.viewport(preset_n);\n    tool.vist_baseurl();\n    cy.get('.hidden-md-and-up > .v-btn__content > .v-icon').should('be.visible').click();\n    cy.get('.v-navigation-drawer__content').should('not.be.hidden');\n    cy.log(\"navigation drawer is clickable\");\n    tool.check_MYCHEFS_clickable_mobile();\n}",
              "err": {},
              "uuid": "bed55eb9-aceb-4a8e-9aaa-bb1fbdf78646",
              "parentUUID": "0d904600-7108-4238-ba76-05f5bd0499ac",
              "isHook": false,
              "skipped": false
            },
            {
              "title": "on Device 720,1280 MYCART is clickable",
              "fullTitle": "The Home Page_mobileview on Device 720,1280 MYCART is clickable",
              "timedOut": null,
              "duration": 3532,
              "state": "passed",
              "speed": "slow",
              "pass": true,
              "fail": false,
              "pending": false,
              "context": null,
              "code": "if (Cypress._.isArray(preset_n)) {\n    cy.viewport(preset_n[0], preset_n[1]);\n    tool.vist_baseurl();\n    cy.get('.hidden-md-and-up > .v-btn__content > .v-icon').should('be.visible').click();\n    cy.get('.v-navigation-drawer__content').should('not.be.hidden');\n    cy.log(\"navigation drawer is clickable\");\n    tool.check_MYCART_clickable_mobile();\n}\nelse {\n    cy.viewport(preset_n);\n    tool.vist_baseurl();\n    cy.get('.hidden-md-and-up > .v-btn__content > .v-icon').should('be.visible').click();\n    cy.get('.v-navigation-drawer__content').should('not.be.hidden');\n    cy.log(\"navigation drawer is clickable\");\n    tool.check_MYCART_clickable_mobile();\n}",
              "err": {},
              "uuid": "a0f4cca6-ad9b-4137-b32d-aef86d41db15",
              "parentUUID": "0d904600-7108-4238-ba76-05f5bd0499ac",
              "isHook": false,
              "skipped": false
            },
            {
              "title": "on Device 480,853 home page successfully loaded",
              "fullTitle": "The Home Page_mobileview on Device 480,853 home page successfully loaded",
              "timedOut": null,
              "duration": 2344,
              "state": "passed",
              "speed": "slow",
              "pass": true,
              "fail": false,
              "pending": false,
              "context": null,
              "code": "if (Cypress._.isArray(preset_n)) {\n    cy.viewport(preset_n[0], preset_n[1]);\n    preset_name;\n}\nelse {\n    cy.viewport(preset_n);\n}\ntool.vist_baseurl();",
              "err": {},
              "uuid": "07c5f290-37b1-4ecc-b2c7-188704fa7302",
              "parentUUID": "0d904600-7108-4238-ba76-05f5bd0499ac",
              "isHook": false,
              "skipped": false
            },
            {
              "title": "on Device 480,853 homepage vantashala icon is clickable ",
              "fullTitle": "The Home Page_mobileview on Device 480,853 homepage vantashala icon is clickable ",
              "timedOut": null,
              "duration": 4580,
              "state": "passed",
              "speed": "slow",
              "pass": true,
              "fail": false,
              "pending": false,
              "context": null,
              "code": "if (Cypress._.isArray(preset_n)) {\n    cy.viewport(preset_n[0], preset_n[1]);\n    //cy.get('.v-overlay__scrim').click();  //enable ater testing nav draw outside click works\n    //tool.vist_baseurl();    //delete after testing nav draw outside click works\n    tool.click_vantashala_icon();\n}\nelse {\n    cy.viewport(preset_n);\n    //cy.get('.v-overlay__scrim').click();  //enable ater testing nav draw outside click works\n    //tool.vist_baseurl();    //delete after testing nav draw outside click works\n    tool.click_vantashala_icon();\n}",
              "err": {},
              "uuid": "76433f32-7ae0-4ff0-ac95-dae58ae8bbdb",
              "parentUUID": "0d904600-7108-4238-ba76-05f5bd0499ac",
              "isHook": false,
              "skipped": false
            },
            {
              "title": "on Device 480,853 all countries are clickable",
              "fullTitle": "The Home Page_mobileview on Device 480,853 all countries are clickable",
              "timedOut": null,
              "duration": 5274,
              "state": "passed",
              "speed": "slow",
              "pass": true,
              "fail": false,
              "pending": false,
              "context": null,
              "code": "if (Cypress._.isArray(preset_n)) {\n    cy.viewport(preset_n[0], preset_n[1]);\n    tool.vist_baseurl();\n    cy.get('.hidden-md-and-up > .v-btn__content > .v-icon').should('be.visible').click();\n    cy.get('.v-navigation-drawer__content').should('not.be.hidden');\n    cy.log(\"navigation drawer is clickable\");\n    tool.check_all_countries_clickable_mobile();\n}\nelse {\n    cy.viewport(preset_n);\n    tool.vist_baseurl();\n    cy.get('.hidden-md-and-up > .v-btn__content > .v-icon').should('be.visible').click();\n    cy.get('.v-navigation-drawer__content').should('not.be.hidden');\n    cy.log(\"navigation drawer is clickable\");\n    tool.check_all_countries_clickable_mobile();\n}",
              "err": {},
              "uuid": "82ff52bf-3f8c-4e8b-bb9b-82ce9b93c652",
              "parentUUID": "0d904600-7108-4238-ba76-05f5bd0499ac",
              "isHook": false,
              "skipped": false
            },
            {
              "title": "on Device 480,853 MYORDERS is clickable",
              "fullTitle": "The Home Page_mobileview on Device 480,853 MYORDERS is clickable",
              "timedOut": null,
              "duration": 3745,
              "state": "passed",
              "speed": "slow",
              "pass": true,
              "fail": false,
              "pending": false,
              "context": null,
              "code": "if (Cypress._.isArray(preset_n)) {\n    cy.viewport(preset_n[0], preset_n[1]);\n    tool.vist_baseurl();\n    cy.get('.hidden-md-and-up > .v-btn__content > .v-icon').should('be.visible').click();\n    cy.get('.v-navigation-drawer__content').should('not.be.hidden');\n    cy.log(\"navigation drawer is clickable\");\n    tool.check_MYORDERS_clickable_mobile();\n}\nelse {\n    cy.viewport(preset_n);\n    tool.vist_baseurl();\n    cy.get('.hidden-md-and-up > .v-btn__content > .v-icon').should('be.visible').click();\n    cy.get('.v-navigation-drawer__content').should('not.be.hidden');\n    cy.log(\"navigation drawer is clickable\");\n    tool.check_MYORDERS_clickable_mobile();\n}",
              "err": {},
              "uuid": "8af747a1-033b-431f-835c-11c5e5383cb5",
              "parentUUID": "0d904600-7108-4238-ba76-05f5bd0499ac",
              "isHook": false,
              "skipped": false
            },
            {
              "title": "on Device 480,853 MYCHEFS is clickable",
              "fullTitle": "The Home Page_mobileview on Device 480,853 MYCHEFS is clickable",
              "timedOut": null,
              "duration": 4282,
              "state": "passed",
              "speed": "slow",
              "pass": true,
              "fail": false,
              "pending": false,
              "context": null,
              "code": "if (Cypress._.isArray(preset_n)) {\n    cy.viewport(preset_n[0], preset_n[1]);\n    tool.vist_baseurl();\n    cy.get('.hidden-md-and-up > .v-btn__content > .v-icon').should('be.visible').click();\n    cy.get('.v-navigation-drawer__content').should('not.be.hidden');\n    cy.log(\"navigation drawer is clickable\");\n    tool.check_MYCHEFS_clickable_mobile();\n}\nelse {\n    cy.viewport(preset_n);\n    tool.vist_baseurl();\n    cy.get('.hidden-md-and-up > .v-btn__content > .v-icon').should('be.visible').click();\n    cy.get('.v-navigation-drawer__content').should('not.be.hidden');\n    cy.log(\"navigation drawer is clickable\");\n    tool.check_MYCHEFS_clickable_mobile();\n}",
              "err": {},
              "uuid": "0d87b660-671d-4038-9e3a-289c33a4a8c6",
              "parentUUID": "0d904600-7108-4238-ba76-05f5bd0499ac",
              "isHook": false,
              "skipped": false
            },
            {
              "title": "on Device 480,853 MYCART is clickable",
              "fullTitle": "The Home Page_mobileview on Device 480,853 MYCART is clickable",
              "timedOut": null,
              "duration": 4036,
              "state": "passed",
              "speed": "slow",
              "pass": true,
              "fail": false,
              "pending": false,
              "context": null,
              "code": "if (Cypress._.isArray(preset_n)) {\n    cy.viewport(preset_n[0], preset_n[1]);\n    tool.vist_baseurl();\n    cy.get('.hidden-md-and-up > .v-btn__content > .v-icon').should('be.visible').click();\n    cy.get('.v-navigation-drawer__content').should('not.be.hidden');\n    cy.log(\"navigation drawer is clickable\");\n    tool.check_MYCART_clickable_mobile();\n}\nelse {\n    cy.viewport(preset_n);\n    tool.vist_baseurl();\n    cy.get('.hidden-md-and-up > .v-btn__content > .v-icon').should('be.visible').click();\n    cy.get('.v-navigation-drawer__content').should('not.be.hidden');\n    cy.log(\"navigation drawer is clickable\");\n    tool.check_MYCART_clickable_mobile();\n}",
              "err": {},
              "uuid": "d80231e4-2e70-43d8-9727-631d7d36ae7a",
              "parentUUID": "0d904600-7108-4238-ba76-05f5bd0499ac",
              "isHook": false,
              "skipped": false
            },
            {
              "title": "on Device 360,640 home page successfully loaded",
              "fullTitle": "The Home Page_mobileview on Device 360,640 home page successfully loaded",
              "timedOut": null,
              "duration": 2839,
              "state": "passed",
              "speed": "slow",
              "pass": true,
              "fail": false,
              "pending": false,
              "context": null,
              "code": "if (Cypress._.isArray(preset_n)) {\n    cy.viewport(preset_n[0], preset_n[1]);\n    preset_name;\n}\nelse {\n    cy.viewport(preset_n);\n}\ntool.vist_baseurl();",
              "err": {},
              "uuid": "db165bf6-c98c-40e0-acf5-75f9a9849050",
              "parentUUID": "0d904600-7108-4238-ba76-05f5bd0499ac",
              "isHook": false,
              "skipped": false
            },
            {
              "title": "on Device 360,640 homepage vantashala icon is clickable ",
              "fullTitle": "The Home Page_mobileview on Device 360,640 homepage vantashala icon is clickable ",
              "timedOut": null,
              "duration": 4537,
              "state": "passed",
              "speed": "slow",
              "pass": true,
              "fail": false,
              "pending": false,
              "context": null,
              "code": "if (Cypress._.isArray(preset_n)) {\n    cy.viewport(preset_n[0], preset_n[1]);\n    //cy.get('.v-overlay__scrim').click();  //enable ater testing nav draw outside click works\n    //tool.vist_baseurl();    //delete after testing nav draw outside click works\n    tool.click_vantashala_icon();\n}\nelse {\n    cy.viewport(preset_n);\n    //cy.get('.v-overlay__scrim').click();  //enable ater testing nav draw outside click works\n    //tool.vist_baseurl();    //delete after testing nav draw outside click works\n    tool.click_vantashala_icon();\n}",
              "err": {},
              "uuid": "9fec671a-d2d8-4a02-a5dd-ade4654a38a8",
              "parentUUID": "0d904600-7108-4238-ba76-05f5bd0499ac",
              "isHook": false,
              "skipped": false
            },
            {
              "title": "on Device 360,640 all countries are clickable",
              "fullTitle": "The Home Page_mobileview on Device 360,640 all countries are clickable",
              "timedOut": null,
              "duration": 6536,
              "state": "passed",
              "speed": "slow",
              "pass": true,
              "fail": false,
              "pending": false,
              "context": null,
              "code": "if (Cypress._.isArray(preset_n)) {\n    cy.viewport(preset_n[0], preset_n[1]);\n    tool.vist_baseurl();\n    cy.get('.hidden-md-and-up > .v-btn__content > .v-icon').should('be.visible').click();\n    cy.get('.v-navigation-drawer__content').should('not.be.hidden');\n    cy.log(\"navigation drawer is clickable\");\n    tool.check_all_countries_clickable_mobile();\n}\nelse {\n    cy.viewport(preset_n);\n    tool.vist_baseurl();\n    cy.get('.hidden-md-and-up > .v-btn__content > .v-icon').should('be.visible').click();\n    cy.get('.v-navigation-drawer__content').should('not.be.hidden');\n    cy.log(\"navigation drawer is clickable\");\n    tool.check_all_countries_clickable_mobile();\n}",
              "err": {},
              "uuid": "e322c1ad-c7a2-45b8-9d5b-230bbcc55e99",
              "parentUUID": "0d904600-7108-4238-ba76-05f5bd0499ac",
              "isHook": false,
              "skipped": false
            },
            {
              "title": "on Device 360,640 MYORDERS is clickable",
              "fullTitle": "The Home Page_mobileview on Device 360,640 MYORDERS is clickable",
              "timedOut": null,
              "duration": 5353,
              "state": "passed",
              "speed": "slow",
              "pass": true,
              "fail": false,
              "pending": false,
              "context": null,
              "code": "if (Cypress._.isArray(preset_n)) {\n    cy.viewport(preset_n[0], preset_n[1]);\n    tool.vist_baseurl();\n    cy.get('.hidden-md-and-up > .v-btn__content > .v-icon').should('be.visible').click();\n    cy.get('.v-navigation-drawer__content').should('not.be.hidden');\n    cy.log(\"navigation drawer is clickable\");\n    tool.check_MYORDERS_clickable_mobile();\n}\nelse {\n    cy.viewport(preset_n);\n    tool.vist_baseurl();\n    cy.get('.hidden-md-and-up > .v-btn__content > .v-icon').should('be.visible').click();\n    cy.get('.v-navigation-drawer__content').should('not.be.hidden');\n    cy.log(\"navigation drawer is clickable\");\n    tool.check_MYORDERS_clickable_mobile();\n}",
              "err": {},
              "uuid": "da6cf6e9-0dad-4089-bf4c-f25bfe73cbcb",
              "parentUUID": "0d904600-7108-4238-ba76-05f5bd0499ac",
              "isHook": false,
              "skipped": false
            },
            {
              "title": "on Device 360,640 MYCHEFS is clickable",
              "fullTitle": "The Home Page_mobileview on Device 360,640 MYCHEFS is clickable",
              "timedOut": null,
              "duration": 4297,
              "state": "passed",
              "speed": "slow",
              "pass": true,
              "fail": false,
              "pending": false,
              "context": null,
              "code": "if (Cypress._.isArray(preset_n)) {\n    cy.viewport(preset_n[0], preset_n[1]);\n    tool.vist_baseurl();\n    cy.get('.hidden-md-and-up > .v-btn__content > .v-icon').should('be.visible').click();\n    cy.get('.v-navigation-drawer__content').should('not.be.hidden');\n    cy.log(\"navigation drawer is clickable\");\n    tool.check_MYCHEFS_clickable_mobile();\n}\nelse {\n    cy.viewport(preset_n);\n    tool.vist_baseurl();\n    cy.get('.hidden-md-and-up > .v-btn__content > .v-icon').should('be.visible').click();\n    cy.get('.v-navigation-drawer__content').should('not.be.hidden');\n    cy.log(\"navigation drawer is clickable\");\n    tool.check_MYCHEFS_clickable_mobile();\n}",
              "err": {},
              "uuid": "7511c0b2-aff9-4c47-8bd8-c2bafde985db",
              "parentUUID": "0d904600-7108-4238-ba76-05f5bd0499ac",
              "isHook": false,
              "skipped": false
            },
            {
              "title": "on Device 360,640 MYCART is clickable",
              "fullTitle": "The Home Page_mobileview on Device 360,640 MYCART is clickable",
              "timedOut": null,
              "duration": 4495,
              "state": "passed",
              "speed": "slow",
              "pass": true,
              "fail": false,
              "pending": false,
              "context": null,
              "code": "if (Cypress._.isArray(preset_n)) {\n    cy.viewport(preset_n[0], preset_n[1]);\n    tool.vist_baseurl();\n    cy.get('.hidden-md-and-up > .v-btn__content > .v-icon').should('be.visible').click();\n    cy.get('.v-navigation-drawer__content').should('not.be.hidden');\n    cy.log(\"navigation drawer is clickable\");\n    tool.check_MYCART_clickable_mobile();\n}\nelse {\n    cy.viewport(preset_n);\n    tool.vist_baseurl();\n    cy.get('.hidden-md-and-up > .v-btn__content > .v-icon').should('be.visible').click();\n    cy.get('.v-navigation-drawer__content').should('not.be.hidden');\n    cy.log(\"navigation drawer is clickable\");\n    tool.check_MYCART_clickable_mobile();\n}",
              "err": {},
              "uuid": "5dcbfa1f-54c1-4942-b64e-99ee25b97005",
              "parentUUID": "0d904600-7108-4238-ba76-05f5bd0499ac",
              "isHook": false,
              "skipped": false
            }
          ],
          "suites": [],
          "passes": [
            "74632c88-9c15-498d-a114-089ef4638587",
            "e6abbfd4-5253-4e99-904c-9c6f08b0956c",
            "c9670455-70ec-43c4-bdec-fae634cf26c3",
            "b59af122-9b01-4407-a0db-ca3b1e1c6653",
            "50b4c064-b7a0-46e4-9dee-0b4f47b5126a",
            "423468c9-ecbb-4499-913a-33a01b05d12c",
            "caa4c7e0-64ec-4649-8384-6a08b8d8c887",
            "bafa7021-c186-4747-ae96-8d6a9734a1ee",
            "a598e819-748a-46c9-80c9-ccf873209281",
            "3ad0acaa-5a39-4677-9bf7-4f889d57fc8f",
            "5267b884-be65-4966-bcb9-434d21f99a44",
            "993485fe-2ca0-45a0-9b11-899e8a349b87",
            "4d7ffd66-fe4c-4e16-8543-dc8a95800a41",
            "659eb505-1cd8-42d2-b9d4-15dcb50acd77",
            "43c32895-133e-405a-83dc-8d64c3989c3f",
            "3751956e-ec14-4078-9877-936e2355faf4",
            "a56e339f-4c2c-499d-8939-ce1bef1aa730",
            "6199241e-5de8-446b-b477-070c8ba8a5b3",
            "ad2ae38c-8701-4aa4-9864-2470998d3c65",
            "bccdcc93-f03b-4e48-aaa2-34186b6d207f",
            "2112ef1b-839b-4682-9c85-a7b927fc55f4",
            "8ca53d3d-cf28-4404-a86e-2fcf606462f7",
            "d5711884-69b1-4fae-8557-83226144547b",
            "83710a12-fbb4-451f-af5f-0b4ba2b6b06e",
            "72bc6431-5371-451a-bca7-1d9336583c5e",
            "dc6c2bfb-bb61-45d0-8ae2-521ffa9c250b",
            "c7683a9a-17ba-495f-93b1-840f3956d739",
            "f8ca63fe-1a48-4c90-8d27-037eda3f865e",
            "bed55eb9-aceb-4a8e-9aaa-bb1fbdf78646",
            "a0f4cca6-ad9b-4137-b32d-aef86d41db15",
            "07c5f290-37b1-4ecc-b2c7-188704fa7302",
            "76433f32-7ae0-4ff0-ac95-dae58ae8bbdb",
            "82ff52bf-3f8c-4e8b-bb9b-82ce9b93c652",
            "8af747a1-033b-431f-835c-11c5e5383cb5",
            "0d87b660-671d-4038-9e3a-289c33a4a8c6",
            "d80231e4-2e70-43d8-9727-631d7d36ae7a",
            "db165bf6-c98c-40e0-acf5-75f9a9849050",
            "9fec671a-d2d8-4a02-a5dd-ade4654a38a8",
            "e322c1ad-c7a2-45b8-9d5b-230bbcc55e99",
            "da6cf6e9-0dad-4089-bf4c-f25bfe73cbcb",
            "7511c0b2-aff9-4c47-8bd8-c2bafde985db",
            "5dcbfa1f-54c1-4942-b64e-99ee25b97005"
          ],
          "failures": [],
          "pending": [],
          "skipped": [],
          "duration": 180829,
          "root": false,
          "rootEmpty": false,
          "_timeout": 2000
        }
      ],
      "passes": [],
      "failures": [],
      "pending": [],
      "skipped": [],
      "duration": 0,
      "root": true,
      "rootEmpty": true,
      "_timeout": 2000
    }
  ],
  "meta": {
    "mocha": {
      "version": "7.0.1"
    },
    "mochawesome": {
      "options": {
        "quiet": false,
        "reportFilename": "mochawesome",
        "saveHtml": false,
        "saveJson": true,
        "consoleReporter": "spec",
        "useInlineDiffs": false,
        "code": true
      },
      "version": "6.1.1"
    },
    "marge": {
      "options": {
        "reportDir": "cypress/results/json",
        "overwrite": false,
        "html": false,
        "json": true
      },
      "version": "5.1.0"
    }
  }
}