{
  "stats": {
    "suites": 1,
    "tests": 14,
    "passes": 13,
    "pending": 0,
    "failures": 1,
    "start": "2020-09-27T16:22:11.409Z",
    "end": "2020-09-27T16:24:21.885Z",
    "duration": 130476,
    "testsRegistered": 14,
    "passPercent": 92.85714285714286,
    "pendingPercent": 0,
    "other": 0,
    "hasOther": false,
    "skipped": 0,
    "hasSkipped": false
  },
  "results": [
    {
      "uuid": "1168e9ab-91e9-4397-9e46-81b6ac6a3570",
      "title": "",
      "fullFile": "cypress\\integration\\pages\\home\\Homepage_Desktop.ts",
      "file": "cypress\\integration\\pages\\home\\Homepage_Desktop.ts",
      "beforeHooks": [],
      "afterHooks": [],
      "tests": [],
      "suites": [
        {
          "uuid": "df615a10-9d88-4988-83cd-7327d772885d",
          "title": "The Home Page_Desktopview",
          "fullFile": "",
          "file": "",
          "beforeHooks": [],
          "afterHooks": [],
          "tests": [
            {
              "title": "successfully loaded",
              "fullTitle": "The Home Page_Desktopview successfully loaded",
              "timedOut": null,
              "duration": 15141,
              "state": "passed",
              "speed": "slow",
              "pass": true,
              "fail": false,
              "pending": false,
              "context": null,
              "code": "",
              "err": {},
              "uuid": "eea85231-b273-4ac5-81f3-a0427935f8c4",
              "parentUUID": "df615a10-9d88-4988-83cd-7327d772885d",
              "isHook": false,
              "skipped": false
            },
            {
              "title": "check vantashala icon is clickable",
              "fullTitle": "The Home Page_Desktopview check vantashala icon is clickable",
              "timedOut": null,
              "duration": 11247,
              "state": "passed",
              "speed": "slow",
              "pass": true,
              "fail": false,
              "pending": false,
              "context": null,
              "code": "tool.click_vantashala_icon();",
              "err": {},
              "uuid": "bcfa4994-1906-4605-881d-fc681db75728",
              "parentUUID": "df615a10-9d88-4988-83cd-7327d772885d",
              "isHook": false,
              "skipped": false
            },
            {
              "title": "check MY CART is clickable",
              "fullTitle": "The Home Page_Desktopview check MY CART is clickable",
              "timedOut": null,
              "duration": 6115,
              "state": "passed",
              "speed": "slow",
              "pass": true,
              "fail": false,
              "pending": false,
              "context": null,
              "code": "tool.check_MYCART_clickable_desktop();\ncy.url().should('include', '/Cart');",
              "err": {},
              "uuid": "a907401d-ae82-415c-9359-6d2856fada5d",
              "parentUUID": "df615a10-9d88-4988-83cd-7327d772885d",
              "isHook": false,
              "skipped": false
            },
            {
              "title": "check MY CHEFS is clickable",
              "fullTitle": "The Home Page_Desktopview check MY CHEFS is clickable",
              "timedOut": null,
              "duration": 8038,
              "state": "passed",
              "speed": "slow",
              "pass": true,
              "fail": false,
              "pending": false,
              "context": null,
              "code": "tool.check_MYCHEFS_clickable_desktop();",
              "err": {},
              "uuid": "07f36179-3818-4b44-9386-41e98cb9bd9e",
              "parentUUID": "df615a10-9d88-4988-83cd-7327d772885d",
              "isHook": false,
              "skipped": false
            },
            {
              "title": "check MY ORDERS is clickable",
              "fullTitle": "The Home Page_Desktopview check MY ORDERS is clickable",
              "timedOut": null,
              "duration": 2961,
              "state": "passed",
              "speed": "slow",
              "pass": true,
              "fail": false,
              "pending": false,
              "context": null,
              "code": "tool.check_MYORDERS_clickable_desktop();",
              "err": {},
              "uuid": "d7f08e85-b9b5-4d77-90d9-b4320bcfb681",
              "parentUUID": "df615a10-9d88-4988-83cd-7327d772885d",
              "isHook": false,
              "skipped": false
            },
            {
              "title": "check STREAMING button is visible",
              "fullTitle": "The Home Page_Desktopview check STREAMING button is visible",
              "timedOut": null,
              "duration": 2315,
              "state": "passed",
              "speed": "slow",
              "pass": true,
              "fail": false,
              "pending": false,
              "context": null,
              "code": "tool.check_STREAMING_visible();",
              "err": {},
              "uuid": "8ef4b4d0-5c5f-4756-befc-fbb5dd8a75d0",
              "parentUUID": "df615a10-9d88-4988-83cd-7327d772885d",
              "isHook": false,
              "skipped": false
            },
            {
              "title": "check all countries are clickable at toolbar",
              "fullTitle": "The Home Page_Desktopview check all countries are clickable at toolbar",
              "timedOut": null,
              "duration": 5987,
              "state": "passed",
              "speed": "slow",
              "pass": true,
              "fail": false,
              "pending": false,
              "context": null,
              "code": "tool.check_all_countries_clickable_desktop();",
              "err": {},
              "uuid": "53304c75-ed9b-493e-a256-40352ccbb110",
              "parentUUID": "df615a10-9d88-4988-83cd-7327d772885d",
              "isHook": false,
              "skipped": false
            },
            {
              "title": "login is clickable",
              "fullTitle": "The Home Page_Desktopview login is clickable",
              "timedOut": null,
              "duration": 8378,
              "state": "passed",
              "speed": "slow",
              "pass": true,
              "fail": false,
              "pending": false,
              "context": null,
              "code": "tool.click_login_desktop();\ntool.login_with_credentials();\ntool.validate_url();",
              "err": {},
              "uuid": "000581d9-59bb-4312-952a-fa617ede622d",
              "parentUUID": "df615a10-9d88-4988-83cd-7327d772885d",
              "isHook": false,
              "skipped": false
            },
            {
              "title": "After login navigation drawer is clickable",
              "fullTitle": "The Home Page_Desktopview After login navigation drawer is clickable",
              "timedOut": null,
              "duration": 8402,
              "state": "passed",
              "speed": "slow",
              "pass": true,
              "fail": false,
              "pending": false,
              "context": null,
              "code": "tool.click_login_desktop();\ntool.login_with_credentials();\ntool.validate_url();\ntool.click_user_navigation_drawer_desktop();\n//tool.click_logout();",
              "err": {},
              "uuid": "c902842b-0763-48a3-88b7-dd43774ea009",
              "parentUUID": "df615a10-9d88-4988-83cd-7327d772885d",
              "isHook": false,
              "skipped": false
            },
            {
              "title": "MYORDERS in navigation drawer is clickable",
              "fullTitle": "The Home Page_Desktopview MYORDERS in navigation drawer is clickable",
              "timedOut": null,
              "duration": 9072,
              "state": "passed",
              "speed": "slow",
              "pass": true,
              "fail": false,
              "pending": false,
              "context": null,
              "code": "tool.click_login_desktop();\ntool.login_with_credentials();\ntool.validate_url();\ntool.click_user_navigation_drawer_desktop();\ntool.check_MYORDERS_clickable_mobile();\n//tool.click_logout();",
              "err": {},
              "uuid": "fdfc18a2-0b75-48d2-b1e0-046216e06cf2",
              "parentUUID": "df615a10-9d88-4988-83cd-7327d772885d",
              "isHook": false,
              "skipped": false
            },
            {
              "title": "MYCHEFS in navigation drawer is clickable",
              "fullTitle": "The Home Page_Desktopview MYCHEFS in navigation drawer is clickable",
              "timedOut": null,
              "duration": 9777,
              "state": "passed",
              "speed": "slow",
              "pass": true,
              "fail": false,
              "pending": false,
              "context": null,
              "code": "tool.click_login_desktop();\ntool.login_with_credentials();\ntool.validate_url();\ntool.click_user_navigation_drawer_desktop();\ntool.check_MYCHEFS_clickable_mobile();\n//tool.click_logout();",
              "err": {},
              "uuid": "e8c53be5-2d56-4a5c-b2f3-89f021eb86b0",
              "parentUUID": "df615a10-9d88-4988-83cd-7327d772885d",
              "isHook": false,
              "skipped": false
            },
            {
              "title": "MYCART in navigation drawer is clickable",
              "fullTitle": "The Home Page_Desktopview MYCART in navigation drawer is clickable",
              "timedOut": null,
              "duration": 11279,
              "state": "failed",
              "speed": null,
              "pass": false,
              "fail": true,
              "pending": false,
              "context": "\"screenshots/pages\\\\home\\\\Homepage_Desktop.ts/The Home Page_Desktopview -- MYCART in navigation drawer is clickable (failed).png\"",
              "code": "tool.click_login_desktop();\ntool.login_with_credentials();\ntool.validate_url();\ntool.click_user_navigation_drawer_desktop();\ntool.check_MYCART_clickable_mobile();\ncy.wait(1000);\ncy.url().should('include', '/Cart');\ntool.click_user_navigation_drawer_desktop();\n//tool.click_logout();",
              "err": {
                "message": "TypeError: The following error originated from your application code, not from Cypress.\n\n  > Cannot read property 'naturalHeight' of undefined\n\nWhen Cypress detects uncaught errors originating from your application it will automatically fail the current test.\n\nThis behavior is configurable, and you can choose to turn this off by listening to the `uncaught:exception` event.\n\nhttps://on.cypress.io/uncaught-exception-from-application",
                "estack": "TypeError: The following error originated from your application code, not from Cypress.\n\n  > Cannot read property 'naturalHeight' of undefined\n\nWhen Cypress detects uncaught errors originating from your application it will automatically fail the current test.\n\nThis behavior is configurable, and you can choose to turn this off by listening to the `uncaught:exception` event.\n\nhttps://on.cypress.io/uncaught-exception-from-application\n    at objHeight (https://www.vantashala.com/js/chunk-vendors.b1697348.js:1061:896)\n    at o.imgHeight (https://www.vantashala.com/js/chunk-vendors.b1697348.js:1869:338)\n    at ni.get (https://www.vantashala.com/js/chunk-vendors.b1697348.js:7:30684)\n    at ni.evaluate (https://www.vantashala.com/js/chunk-vendors.b1697348.js:7:31685)\n    at o.imgHeight (https://www.vantashala.com/js/chunk-vendors.b1697348.js:7:33378)\n    at o.calcDimensions (https://www.vantashala.com/js/chunk-vendors.b1697348.js:1869:619)\n    at o.translate (https://www.vantashala.com/js/chunk-vendors.b1697348.js:1869:979)\n    at HTMLImageElement.<anonymous> (https://www.vantashala.com/js/chunk-vendors.b1697348.js:1061:802)\n    at HTMLImageElement.r (https://www.vantashala.com/js/chunk-vendors.b1697348.js:93:2075)",
                "diff": null
              },
              "uuid": "30182981-24a2-4d71-8398-b60328d06154",
              "parentUUID": "df615a10-9d88-4988-83cd-7327d772885d",
              "isHook": false,
              "skipped": false
            },
            {
              "title": "check all countries are clickable at Navigation drawer",
              "fullTitle": "The Home Page_Desktopview check all countries are clickable at Navigation drawer",
              "timedOut": null,
              "duration": 15222,
              "state": "passed",
              "speed": "slow",
              "pass": true,
              "fail": false,
              "pending": false,
              "context": null,
              "code": "tool.click_login_desktop();\ntool.login_with_credentials();\ntool.validate_url();\ntool.click_user_navigation_drawer_desktop();\ntool.check_all_countries_clickable_mobile();\n//tool.click_logout();",
              "err": {},
              "uuid": "056530b6-ff6f-4222-8779-820fc8e0d692",
              "parentUUID": "df615a10-9d88-4988-83cd-7327d772885d",
              "isHook": false,
              "skipped": false
            },
            {
              "title": "logout in  Navigation drawer is clickable",
              "fullTitle": "The Home Page_Desktopview logout in  Navigation drawer is clickable",
              "timedOut": null,
              "duration": 10497,
              "state": "passed",
              "speed": "slow",
              "pass": true,
              "fail": false,
              "pending": false,
              "context": null,
              "code": "tool.click_login_desktop();\ntool.login_with_credentials();\ntool.validate_url();\ntool.click_user_navigation_drawer_desktop();\ntool.click_logout();",
              "err": {},
              "uuid": "269b4978-be4a-4f71-8a2f-d54366d309ad",
              "parentUUID": "df615a10-9d88-4988-83cd-7327d772885d",
              "isHook": false,
              "skipped": false
            }
          ],
          "suites": [],
          "passes": [
            "eea85231-b273-4ac5-81f3-a0427935f8c4",
            "bcfa4994-1906-4605-881d-fc681db75728",
            "a907401d-ae82-415c-9359-6d2856fada5d",
            "07f36179-3818-4b44-9386-41e98cb9bd9e",
            "d7f08e85-b9b5-4d77-90d9-b4320bcfb681",
            "8ef4b4d0-5c5f-4756-befc-fbb5dd8a75d0",
            "53304c75-ed9b-493e-a256-40352ccbb110",
            "000581d9-59bb-4312-952a-fa617ede622d",
            "c902842b-0763-48a3-88b7-dd43774ea009",
            "fdfc18a2-0b75-48d2-b1e0-046216e06cf2",
            "e8c53be5-2d56-4a5c-b2f3-89f021eb86b0",
            "056530b6-ff6f-4222-8779-820fc8e0d692",
            "269b4978-be4a-4f71-8a2f-d54366d309ad"
          ],
          "failures": [
            "30182981-24a2-4d71-8398-b60328d06154"
          ],
          "pending": [],
          "skipped": [],
          "duration": 124431,
          "root": false,
          "rootEmpty": false,
          "_timeout": 2000
        }
      ],
      "passes": [],
      "failures": [],
      "pending": [],
      "skipped": [],
      "duration": 0,
      "root": true,
      "rootEmpty": true,
      "_timeout": 2000
    }
  ],
  "meta": {
    "mocha": {
      "version": "7.0.1"
    },
    "mochawesome": {
      "options": {
        "quiet": false,
        "reportFilename": "mochawesome",
        "saveHtml": false,
        "saveJson": true,
        "consoleReporter": "spec",
        "useInlineDiffs": false,
        "code": true
      },
      "version": "6.1.1"
    },
    "marge": {
      "options": {
        "reportDir": "cypress/results/json",
        "overwrite": false,
        "html": false,
        "json": true
      },
      "version": "5.1.0"
    }
  }
}